<?xml version="1.0" encoding="UTF-8"?>
<testsuite xmlns:xsi="http://www.w3.org/2001/XMLSchema-instance" xsi:noNamespaceSchemaLocation="https://maven.apache.org/surefire/maven-surefire-plugin/xsd/surefire-test-report.xsd" name="com.desafiolatam.ImcTest" time="0.045" tests="7" errors="0" skipped="0" failures="2">
  <properties>
    <property name="java.specification.version" value="17"/>
    <property name="sun.jnu.encoding" value="UTF-8"/>
    <property name="java.class.path" value="/Users/jaime/eclipse-workspace/imc/target/test-classes:/Users/jaime/eclipse-workspace/imc/target/classes:/Users/jaime/.m2/repository/junit/junit/4.12/junit-4.12.jar:/Users/jaime/.m2/repository/org/hamcrest/hamcrest-core/1.3/hamcrest-core-1.3.jar:/Users/jaime/.m2/repository/org/junit/jupiter/junit-jupiter-api/5.8.2/junit-jupiter-api-5.8.2.jar:/Users/jaime/.m2/repository/org/opentest4j/opentest4j/1.2.0/opentest4j-1.2.0.jar:/Users/jaime/.m2/repository/org/junit/platform/junit-platform-commons/1.8.2/junit-platform-commons-1.8.2.jar:/Users/jaime/.m2/repository/org/apiguardian/apiguardian-api/1.1.2/apiguardian-api-1.1.2.jar:"/>
    <property name="java.vm.vendor" value="Oracle Corporation"/>
    <property name="sun.arch.data.model" value="64"/>
    <property name="java.vendor.url" value="https://java.oracle.com/"/>
    <property name="os.name" value="Mac OS X"/>
    <property name="java.vm.specification.version" value="17"/>
    <property name="sun.java.launcher" value="SUN_STANDARD"/>
    <property name="user.country" value="419"/>
    <property name="sun.boot.library.path" value="/Library/Java/JavaVirtualMachines/jdk-17.0.1.jdk/Contents/Home/lib"/>
    <property name="sun.java.command" value="/Users/jaime/eclipse-workspace/imc/target/surefire/surefirebooter18163126977617179010.jar /Users/jaime/eclipse-workspace/imc/target/surefire 2022-01-24T21-01-25_971-jvmRun1 surefire16924685114525428418tmp surefire_011164348902039384573tmp"/>
    <property name="http.nonProxyHosts" value="local|*.local|169.254/16|*.169.254/16"/>
    <property name="jdk.debug" value="release"/>
    <property name="surefire.test.class.path" value="/Users/jaime/eclipse-workspace/imc/target/test-classes:/Users/jaime/eclipse-workspace/imc/target/classes:/Users/jaime/.m2/repository/junit/junit/4.12/junit-4.12.jar:/Users/jaime/.m2/repository/org/hamcrest/hamcrest-core/1.3/hamcrest-core-1.3.jar:/Users/jaime/.m2/repository/org/junit/jupiter/junit-jupiter-api/5.8.2/junit-jupiter-api-5.8.2.jar:/Users/jaime/.m2/repository/org/opentest4j/opentest4j/1.2.0/opentest4j-1.2.0.jar:/Users/jaime/.m2/repository/org/junit/platform/junit-platform-commons/1.8.2/junit-platform-commons-1.8.2.jar:/Users/jaime/.m2/repository/org/apiguardian/apiguardian-api/1.1.2/apiguardian-api-1.1.2.jar:"/>
    <property name="sun.cpu.endian" value="little"/>
    <property name="user.home" value="/Users/jaime"/>
    <property name="user.language" value="es"/>
    <property name="java.specification.vendor" value="Oracle Corporation"/>
    <property name="java.version.date" value="2021-10-19"/>
    <property name="java.home" value="/Library/Java/JavaVirtualMachines/jdk-17.0.1.jdk/Contents/Home"/>
    <property name="file.separator" value="/"/>
    <property name="basedir" value="/Users/jaime/eclipse-workspace/imc"/>
    <property name="java.vm.compressedOopsMode" value="Zero based"/>
    <property name="line.separator" value="&#10;"/>
    <property name="java.specification.name" value="Java Platform API Specification"/>
    <property name="java.vm.specification.vendor" value="Oracle Corporation"/>
    <property name="surefire.real.class.path" value="/Users/jaime/eclipse-workspace/imc/target/surefire/surefirebooter18163126977617179010.jar"/>
    <property name="sun.management.compiler" value="HotSpot 64-Bit Tiered Compilers"/>
    <property name="ftp.nonProxyHosts" value="local|*.local|169.254/16|*.169.254/16"/>
    <property name="java.runtime.version" value="17.0.1+12-LTS-39"/>
    <property name="user.name" value="jaime"/>
    <property name="path.separator" value=":"/>
    <property name="os.version" value="11.6.1"/>
    <property name="java.runtime.name" value="Java(TM) SE Runtime Environment"/>
    <property name="file.encoding" value="UTF-8"/>
    <property name="java.vm.name" value="Java HotSpot(TM) 64-Bit Server VM"/>
    <property name="localRepository" value="/Users/jaime/.m2/repository"/>
    <property name="java.vendor.url.bug" value="https://bugreport.java.com/bugreport/"/>
    <property name="java.io.tmpdir" value="/var/folders/6_/p8yvgy6n10jcr4m95x7d1t8w0000gn/T/"/>
    <property name="java.version" value="17.0.1"/>
    <property name="user.dir" value="/Users/jaime/eclipse-workspace/imc"/>
    <property name="os.arch" value="x86_64"/>
    <property name="java.vm.specification.name" value="Java Virtual Machine Specification"/>
    <property name="native.encoding" value="UTF-8"/>
    <property name="java.library.path" value="/Users/jaime/Library/Java/Extensions:/Library/Java/Extensions:/Network/Library/Java/Extensions:/System/Library/Java/Extensions:/usr/lib/java:."/>
    <property name="java.vm.info" value="mixed mode, sharing"/>
    <property name="java.vendor" value="Oracle Corporation"/>
    <property name="java.vm.version" value="17.0.1+12-LTS-39"/>
    <property name="sun.io.unicode.encoding" value="UnicodeBig"/>
    <property name="socksNonProxyHosts" value="local|*.local|169.254/16|*.169.254/16"/>
    <property name="java.class.version" value="61.0"/>
  </properties>
  <testcase name="calcularIMCnotNull" classname="com.desafiolatam.ImcTest" time="0.027"/>
  <testcase name="calcularIMCnotEquals" classname="com.desafiolatam.ImcTest" time="0.003"/>
  <testcase name="validarEdad" classname="com.desafiolatam.ImcTest" time="0.002"/>
  <testcase name="obtenerKilos" classname="com.desafiolatam.ImcTest" time="0.001"/>
  <testcase name="calcularIMCNull" classname="com.desafiolatam.ImcTest" time="0.009">
    <failure message="expected: &lt;null&gt; but was: &lt;24.69136&gt;" type="org.opentest4j.AssertionFailedError"><![CDATA[org.opentest4j.AssertionFailedError: expected: <null> but was: <24.69136>
	at com.desafiolatam.ImcTest.calcularIMCNull(ImcTest.java:49)
]]></failure>
    <system-out><![CDATA[Su IMC es 24.69136
Normal
]]></system-out>
    <system-err><![CDATA[ene. 24, 2022 9:01:26 P. M. com.desafiolatam.ImcTest calcularIMCNull
INFO: IMC
]]></system-err>
  </testcase>
  <testcase name="calcularIMCEquals" classname="com.desafiolatam.ImcTest" time="0.001">
    <failure message="expected: &lt;24.69&gt; but was: &lt;24.69136&gt;" type="org.opentest4j.AssertionFailedError"><![CDATA[org.opentest4j.AssertionFailedError: expected: <24.69> but was: <24.69136>
	at com.desafiolatam.ImcTest.calcularIMCEquals(ImcTest.java:72)
]]></failure>
    <system-out><![CDATA[Su IMC es 24.69136
Normal
]]></system-out>
    <system-err><![CDATA[ene. 24, 2022 9:01:26 P. M. com.desafiolatam.ImcTest calcularIMCEquals
INFO: IMC
]]></system-err>
  </testcase>
  <testcase name="obtenerEstaura" classname="com.desafiolatam.ImcTest" time="0.002"/>
</testsuite>