<?xml version="1.0" encoding="UTF-8"?>
<testsuite xmlns:xsi="http://www.w3.org/2001/XMLSchema-instance" xsi:noNamespaceSchemaLocation="https://maven.apache.org/surefire/maven-surefire-plugin/xsd/surefire-test-report.xsd" name="com.desafiolatam.PersonaRepositorioTest" time="0.951" tests="4" errors="0" skipped="0" failures="3">
  <properties>
    <property name="java.specification.version" value="17"/>
    <property name="sun.jnu.encoding" value="UTF-8"/>
    <property name="java.class.path" value="/Users/jaime/eclipse-workspace/MockitoTest/target/test-classes:/Users/jaime/eclipse-workspace/MockitoTest/target/classes:/Users/jaime/.m2/repository/junit/junit/4.12/junit-4.12.jar:/Users/jaime/.m2/repository/org/hamcrest/hamcrest-core/1.3/hamcrest-core-1.3.jar:/Users/jaime/.m2/repository/org/junit/jupiter/junit-jupiter-api/5.8.2/junit-jupiter-api-5.8.2.jar:/Users/jaime/.m2/repository/org/opentest4j/opentest4j/1.2.0/opentest4j-1.2.0.jar:/Users/jaime/.m2/repository/org/junit/platform/junit-platform-commons/1.8.2/junit-platform-commons-1.8.2.jar:/Users/jaime/.m2/repository/org/apiguardian/apiguardian-api/1.1.2/apiguardian-api-1.1.2.jar:/Users/jaime/.m2/repository/org/mockito/mockito-core/4.3.0/mockito-core-4.3.0.jar:/Users/jaime/.m2/repository/net/bytebuddy/byte-buddy/1.12.7/byte-buddy-1.12.7.jar:/Users/jaime/.m2/repository/net/bytebuddy/byte-buddy-agent/1.12.7/byte-buddy-agent-1.12.7.jar:/Users/jaime/.m2/repository/org/objenesis/objenesis/3.2/objenesis-3.2.jar:"/>
    <property name="java.vm.vendor" value="Oracle Corporation"/>
    <property name="sun.arch.data.model" value="64"/>
    <property name="java.vendor.url" value="https://java.oracle.com/"/>
    <property name="os.name" value="Mac OS X"/>
    <property name="java.vm.specification.version" value="17"/>
    <property name="sun.java.launcher" value="SUN_STANDARD"/>
    <property name="user.country" value="419"/>
    <property name="sun.boot.library.path" value="/Library/Java/JavaVirtualMachines/jdk-17.0.1.jdk/Contents/Home/lib"/>
    <property name="sun.java.command" value="/Users/jaime/eclipse-workspace/MockitoTest/target/surefire/surefirebooter8084714643672368927.jar /Users/jaime/eclipse-workspace/MockitoTest/target/surefire 2022-01-25T20-46-38_135-jvmRun1 surefire2930280770133326712tmp surefire_0127000229297620622tmp"/>
    <property name="http.nonProxyHosts" value="local|*.local|169.254/16|*.169.254/16"/>
    <property name="jdk.debug" value="release"/>
    <property name="surefire.test.class.path" value="/Users/jaime/eclipse-workspace/MockitoTest/target/test-classes:/Users/jaime/eclipse-workspace/MockitoTest/target/classes:/Users/jaime/.m2/repository/junit/junit/4.12/junit-4.12.jar:/Users/jaime/.m2/repository/org/hamcrest/hamcrest-core/1.3/hamcrest-core-1.3.jar:/Users/jaime/.m2/repository/org/junit/jupiter/junit-jupiter-api/5.8.2/junit-jupiter-api-5.8.2.jar:/Users/jaime/.m2/repository/org/opentest4j/opentest4j/1.2.0/opentest4j-1.2.0.jar:/Users/jaime/.m2/repository/org/junit/platform/junit-platform-commons/1.8.2/junit-platform-commons-1.8.2.jar:/Users/jaime/.m2/repository/org/apiguardian/apiguardian-api/1.1.2/apiguardian-api-1.1.2.jar:/Users/jaime/.m2/repository/org/mockito/mockito-core/4.3.0/mockito-core-4.3.0.jar:/Users/jaime/.m2/repository/net/bytebuddy/byte-buddy/1.12.7/byte-buddy-1.12.7.jar:/Users/jaime/.m2/repository/net/bytebuddy/byte-buddy-agent/1.12.7/byte-buddy-agent-1.12.7.jar:/Users/jaime/.m2/repository/org/objenesis/objenesis/3.2/objenesis-3.2.jar:"/>
    <property name="sun.cpu.endian" value="little"/>
    <property name="user.home" value="/Users/jaime"/>
    <property name="user.language" value="es"/>
    <property name="java.specification.vendor" value="Oracle Corporation"/>
    <property name="java.version.date" value="2021-10-19"/>
    <property name="java.home" value="/Library/Java/JavaVirtualMachines/jdk-17.0.1.jdk/Contents/Home"/>
    <property name="file.separator" value="/"/>
    <property name="basedir" value="/Users/jaime/eclipse-workspace/MockitoTest"/>
    <property name="java.vm.compressedOopsMode" value="Zero based"/>
    <property name="line.separator" value="&#10;"/>
    <property name="java.specification.name" value="Java Platform API Specification"/>
    <property name="java.vm.specification.vendor" value="Oracle Corporation"/>
    <property name="surefire.real.class.path" value="/Users/jaime/eclipse-workspace/MockitoTest/target/surefire/surefirebooter8084714643672368927.jar"/>
    <property name="sun.management.compiler" value="HotSpot 64-Bit Tiered Compilers"/>
    <property name="ftp.nonProxyHosts" value="local|*.local|169.254/16|*.169.254/16"/>
    <property name="java.runtime.version" value="17.0.1+12-LTS-39"/>
    <property name="user.name" value="jaime"/>
    <property name="path.separator" value=":"/>
    <property name="os.version" value="11.6.1"/>
    <property name="java.runtime.name" value="Java(TM) SE Runtime Environment"/>
    <property name="file.encoding" value="UTF-8"/>
    <property name="java.vm.name" value="Java HotSpot(TM) 64-Bit Server VM"/>
    <property name="localRepository" value="/Users/jaime/.m2/repository"/>
    <property name="java.vendor.url.bug" value="https://bugreport.java.com/bugreport/"/>
    <property name="java.io.tmpdir" value="/var/folders/6_/p8yvgy6n10jcr4m95x7d1t8w0000gn/T/"/>
    <property name="java.version" value="17.0.1"/>
    <property name="user.dir" value="/Users/jaime/eclipse-workspace/MockitoTest"/>
    <property name="os.arch" value="x86_64"/>
    <property name="java.vm.specification.name" value="Java Virtual Machine Specification"/>
    <property name="native.encoding" value="UTF-8"/>
    <property name="java.library.path" value="/Users/jaime/Library/Java/Extensions:/Library/Java/Extensions:/Network/Library/Java/Extensions:/System/Library/Java/Extensions:/usr/lib/java:."/>
    <property name="java.vm.info" value="mixed mode, sharing"/>
    <property name="java.vendor" value="Oracle Corporation"/>
    <property name="java.vm.version" value="17.0.1+12-LTS-39"/>
    <property name="sun.io.unicode.encoding" value="UnicodeBig"/>
    <property name="socksNonProxyHosts" value="local|*.local|169.254/16|*.169.254/16"/>
    <property name="java.class.version" value="61.0"/>
  </properties>
  <testcase name="testEliminarPersona" classname="com.desafiolatam.PersonaRepositorioTest" time="0.029">
    <failure message="expected: &lt;OK&gt; but was: &lt;null&gt;" type="org.opentest4j.AssertionFailedError"><![CDATA[org.opentest4j.AssertionFailedError: expected: <OK> but was: <null>
	at com.desafiolatam.PersonaRepositorioTest.testEliminarPersona(PersonaRepositorioTest.java:44)
]]></failure>
  </testcase>
  <testcase name="testCrearPersona" classname="com.desafiolatam.PersonaRepositorioTest" time="0.014">
    <failure message="&#10;Wanted but not invoked:&#10;personaRepositorio.crearPersona(&#10;    Persona [rut=1-2, nombre=Pepe]&#10;);&#10;-&gt; at com.desafiolatam.PersonaRepositorioTest.testCrearPersona(PersonaRepositorioTest.java:26)&#10;Actually, there were zero interactions with this mock.&#10;" type="org.mockito.exceptions.verification.WantedButNotInvoked">org.mockito.exceptions.verification.WantedButNotInvoked: 

Wanted but not invoked:
personaRepositorio.crearPersona(
    Persona [rut=1-2, nombre=Pepe]
);
-> at com.desafiolatam.PersonaRepositorioTest.testCrearPersona(PersonaRepositorioTest.java:26)
Actually, there were zero interactions with this mock.

	at com.desafiolatam.PersonaRepositorioTest.testCrearPersona(PersonaRepositorioTest.java:26)
</failure>
  </testcase>
  <testcase name="testActualizarPersona" classname="com.desafiolatam.PersonaRepositorioTest" time="0.001">
    <failure message="&#10;Wanted but not invoked:&#10;personaRepositorio.crearPersona(&#10;    Persona [rut=1-2, nombre=Pepe]&#10;);&#10;-&gt; at com.desafiolatam.PersonaRepositorioTest.testActualizarPersona(PersonaRepositorioTest.java:35)&#10;Actually, there were zero interactions with this mock.&#10;" type="org.mockito.exceptions.verification.WantedButNotInvoked">org.mockito.exceptions.verification.WantedButNotInvoked: 

Wanted but not invoked:
personaRepositorio.crearPersona(
    Persona [rut=1-2, nombre=Pepe]
);
-> at com.desafiolatam.PersonaRepositorioTest.testActualizarPersona(PersonaRepositorioTest.java:35)
Actually, there were zero interactions with this mock.

	at com.desafiolatam.PersonaRepositorioTest.testActualizarPersona(PersonaRepositorioTest.java:35)
</failure>
  </testcase>
  <testcase name="testListarPersona" classname="com.desafiolatam.PersonaRepositorioTest" time="0.003"/>
</testsuite>